

|       ***********************************************************
|       *                 TeraChem v1.9-2023.06-dev               *
|       *                   Development Version                   *
|       *           Chemistry at the Speed of Graphics!           *
|       ***********************************************************
|       * This program may only be used in connection with        *
|       * a valid license from PetaChem, LLC. Use of this program *
|       * or results thereof indicates acceptance of all terms    *
|       * and conditions stated in the license and that a valid   *
|       * license agreement between the user and PetaChem, LLC    *
|       * exists. PetaChem, LLC does not warrant the correctness  *
|       * of results or their suitability for any purpose.        *
|       * Please email bugs, suggestions, and comments to         *
|       *                  help@petachem.com                      *
|       *                                                         *
|       ***********************************************************


|       ***********************************************************
|       *  Compiled by bl22441      Mon 25 Sep 18:30:33 BST 2023  *
|       *  Supported architecture SMs: 86                         *
|       *  Build cuda_11.7.r11.7/compiler.31442593_0              *
|       *  Git Version: 942f418e7ae7a97fcd5c42138df829025ea854eb  *
|       ***********************************************************


| Job started   Thu Jan 29 14:57:56 2026
| On it045311 (available memory: 205523 MB)

| ######################################### RUNTIME INFO ##########################################
| /opt/ispg/terachem/2023.6/arch/intel2022.2.1-cuda11-mpich3.4.3-openmm7.5/bin/terachem  --inputfile=tc.inp 

|  NVRM version: NVIDIA UNIX x86_64 Kernel Module  580.82.07  Wed Aug 27 18:39:48 UTC 2025
|  GCC version:  gcc version 11.4.0 (Ubuntu 11.4.0-1ubuntu1~22.04.2) 

|  	linux-vdso.so.1 (0x00007fff2cbf9000)
|  	libcurl.so.4 => /lib/x86_64-linux-gnu/libcurl.so.4 (0x00007f0f48451000)
|  	libz.so.1 => /lib/x86_64-linux-gnu/libz.so.1 (0x00007f0f48435000)
|  	libmpi.so.12 => /opt/ispg/terachem/2023.6/arch/intel2022.2.1-cuda11-mpich3.4.3-openmm7.5/lib/libmpi.so.12 (0x00007f0f47580000)
|  	libdftbplus.so => /opt/ispg/terachem/2023.6/arch/intel2022.2.1-cuda11-mpich3.4.3-openmm7.5/lib/libdftbplus.so (0x00007f0f4724d000)
|  	libfsockets.so => /opt/ispg/terachem/2023.6/arch/intel2022.2.1-cuda11-mpich3.4.3-openmm7.5/lib/libfsockets.so (0x00007f0f47245000)
|  	libxmlf90.so => /opt/ispg/terachem/2023.6/arch/intel2022.2.1-cuda11-mpich3.4.3-openmm7.5/lib/libxmlf90.so (0x00007f0f4721e000)
|  	libthcbox.so.1 => /opt/ispg/terachem/2023.6/arch/intel2022.2.1-cuda11-mpich3.4.3-openmm7.5/lib/libthcbox.so.1 (0x00007f0f4693d000)
|  	libOpenMM.so.7.5 => /opt/ispg/terachem/2023.6/arch/intel2022.2.1-cuda11-mpich3.4.3-openmm7.5/lib/libOpenMM.so.7.5 (0x00007f0f465bb000)
|  	libnvToolsExt.so.1 => /opt/ispg/terachem/2023.6/arch/intel2022.2.1-cuda11-mpich3.4.3-openmm7.5/lib/libnvToolsExt.so.1 (0x00007f0f46200000)
|  	libgpubox.so.1 => /opt/ispg/terachem/2023.6/arch/intel2022.2.1-cuda11-mpich3.4.3-openmm7.5/lib/libgpubox.so.1 (0x00007f0f465a0000)
|  	libtensorbox.so.1 => /opt/ispg/terachem/2023.6/arch/intel2022.2.1-cuda11-mpich3.4.3-openmm7.5/lib/libtensorbox.so.1 (0x00007f0f46582000)
|  	libiobox.so.1 => /opt/ispg/terachem/2023.6/arch/intel2022.2.1-cuda11-mpich3.4.3-openmm7.5/lib/libiobox.so.1 (0x00007f0f4656c000)
|  	libintbox.so.1 => /opt/ispg/terachem/2023.6/arch/intel2022.2.1-cuda11-mpich3.4.3-openmm7.5/lib/libintbox.so.1 (0x00007f0f36c1b000)
|  	libsqmbox.so.1 => /opt/ispg/terachem/2023.6/arch/intel2022.2.1-cuda11-mpich3.4.3-openmm7.5/lib/libsqmbox.so.1 (0x00007f0f368bd000)
|  	libgridbox.so.1 => /opt/ispg/terachem/2023.6/arch/intel2022.2.1-cuda11-mpich3.4.3-openmm7.5/lib/libgridbox.so.1 (0x00007f0f46421000)
|  	libdftbox.so.1 => /opt/ispg/terachem/2023.6/arch/intel2022.2.1-cuda11-mpich3.4.3-openmm7.5/lib/libdftbox.so.1 (0x00007f0f367dc000)
|  	libcibox.so.1 => /opt/ispg/terachem/2023.6/arch/intel2022.2.1-cuda11-mpich3.4.3-openmm7.5/lib/libcibox.so.1 (0x00007f0f36591000)
|  	libccbox.so.1 => /opt/ispg/terachem/2023.6/arch/intel2022.2.1-cuda11-mpich3.4.3-openmm7.5/lib/libccbox.so.1 (0x00007f0f362cb000)
|  	libsimbox.so.1 => /opt/ispg/terachem/2023.6/arch/intel2022.2.1-cuda11-mpich3.4.3-openmm7.5/lib/libsimbox.so.1 (0x00007f0f362ab000)
|  	liboptbox.so.1 => /opt/ispg/terachem/2023.6/arch/intel2022.2.1-cuda11-mpich3.4.3-openmm7.5/lib/liboptbox.so.1 (0x00007f0f3626e000)
|  	libprotobuf.so.17 => /opt/ispg/terachem/2023.6/arch/intel2022.2.1-cuda11-mpich3.4.3-openmm7.5/lib/libprotobuf.so.17 (0x00007f0f35f75000)
|  	libcommbox.so.1 => /opt/ispg/terachem/2023.6/arch/intel2022.2.1-cuda11-mpich3.4.3-openmm7.5/lib/libcommbox.so.1 (0x00007f0f35efe000)
|  	libssl.so.1.1 => /lib/x86_64-linux-gnu/libssl.so.1.1 (0x00007f0f35e6b000)
|  	libcrypto.so.1.1 => /lib/x86_64-linux-gnu/libcrypto.so.1.1 (0x00007f0f35b94000)
|  	libpthread.so.0 => /lib/x86_64-linux-gnu/libpthread.so.0 (0x00007f0f4641a000)
|  	libcuda.so.1 => /lib/x86_64-linux-gnu/libcuda.so.1 (0x00007f0f2ff4b000)
|  	libcudart.so.11.0 => /opt/ispg/terachem/2023.6/arch/intel2022.2.1-cuda11-mpich3.4.3-openmm7.5/lib/libcudart.so.11.0 (0x00007f0f2fc00000)
|  	libcublas.so.11 => /opt/ispg/terachem/2023.6/arch/intel2022.2.1-cuda11-mpich3.4.3-openmm7.5/lib/libcublas.so.11 (0x00007f0f26800000)
|  	libcufft.so.10 => /opt/ispg/terachem/2023.6/arch/intel2022.2.1-cuda11-mpich3.4.3-openmm7.5/lib/libcufft.so.10 (0x00007f0f1dc00000)
|  	libcusparse.so.11 => /opt/ispg/terachem/2023.6/arch/intel2022.2.1-cuda11-mpich3.4.3-openmm7.5/lib/libcusparse.so.11 (0x00007f0f0f400000)
|  	libcusolver.so.11 => /opt/ispg/terachem/2023.6/arch/intel2022.2.1-cuda11-mpich3.4.3-openmm7.5/lib/libcusolver.so.11 (0x00007f0f01000000)
|  	libstdc++.so.6 => /lib/x86_64-linux-gnu/libstdc++.so.6 (0x00007f0f00dd4000)
|  	libm.so.6 => /lib/x86_64-linux-gnu/libm.so.6 (0x00007f0f2fb19000)
|  	libiomp5.so => /opt/ispg/terachem/2023.6/arch/intel2022.2.1-cuda11-mpich3.4.3-openmm7.5/lib/libiomp5.so (0x00007f0f00800000)
|  	libcilkrts.so.5 => /opt/ispg/terachem/2023.6/arch/intel2022.2.1-cuda11-mpich3.4.3-openmm7.5/lib/libcilkrts.so.5 (0x00007f0f00400000)
|  	libgcc_s.so.1 => /lib/x86_64-linux-gnu/libgcc_s.so.1 (0x00007f0f2ff2b000)
|  	libc.so.6 => /lib/x86_64-linux-gnu/libc.so.6 (0x00007f0f001d7000)
|  	/lib64/ld-linux-x86-64.so.2 (0x00007f0f48518000)
|  	libdl.so.2 => /lib/x86_64-linux-gnu/libdl.so.2 (0x00007f0f4640f000)
|  	libnghttp2.so.14 => /lib/x86_64-linux-gnu/libnghttp2.so.14 (0x00007f0f2ff01000)
|  	libidn2.so.0 => /lib/x86_64-linux-gnu/libidn2.so.0 (0x00007f0f2fee0000)
|  	librtmp.so.1 => /lib/x86_64-linux-gnu/librtmp.so.1 (0x00007f0f2fec1000)
|  	libssh.so.4 => /lib/x86_64-linux-gnu/libssh.so.4 (0x00007f0f2faab000)
|  	libpsl.so.5 => /lib/x86_64-linux-gnu/libpsl.so.5 (0x00007f0f2fead000)
|  	libssl.so.3 => /lib/x86_64-linux-gnu/libssl.so.3 (0x00007f0f2675c000)
|  	libcrypto.so.3 => /lib/x86_64-linux-gnu/libcrypto.so.3 (0x00007f0effd93000)
|  	libgssapi_krb5.so.2 => /lib/x86_64-linux-gnu/libgssapi_krb5.so.2 (0x00007f0f26708000)
|  	libldap-2.5.so.0 => /lib/x86_64-linux-gnu/libldap-2.5.so.0 (0x00007f0f266a8000)
|  	liblber-2.5.so.0 => /lib/x86_64-linux-gnu/liblber-2.5.so.0 (0x00007f0f2fa9a000)
|  	libzstd.so.1 => /lib/x86_64-linux-gnu/libzstd.so.1 (0x00007f0f1db31000)
|  	libbrotlidec.so.1 => /lib/x86_64-linux-gnu/libbrotlidec.so.1 (0x00007f0f2fa8c000)
|  	librt.so.1 => /lib/x86_64-linux-gnu/librt.so.1 (0x00007f0f2fea8000)
|  	libimf.so => /opt/ispg/terachem/2023.6/arch/intel2022.2.1-cuda11-mpich3.4.3-openmm7.5/lib/libimf.so (0x00007f0eff99b000)
|  	libsvml.so => /opt/ispg/terachem/2023.6/arch/intel2022.2.1-cuda11-mpich3.4.3-openmm7.5/lib/libsvml.so (0x00007f0efe38a000)
|  	libirng.so => /opt/ispg/terachem/2023.6/arch/intel2022.2.1-cuda11-mpich3.4.3-openmm7.5/lib/libirng.so (0x00007f0efe000000)
|  	libintlc.so.5 => /opt/ispg/terachem/2023.6/arch/intel2022.2.1-cuda11-mpich3.4.3-openmm7.5/lib/libintlc.so.5 (0x00007f0f1dabf000)
|  	libifport.so.5 => /opt/ispg/terachem/2023.6/arch/intel2022.2.1-cuda11-mpich3.4.3-openmm7.5/lib/libifport.so.5 (0x00007f0f2fa63000)
|  	libifcoremt.so.5 => /opt/ispg/terachem/2023.6/arch/intel2022.2.1-cuda11-mpich3.4.3-openmm7.5/lib/libifcoremt.so.5 (0x00007f0f0f291000)
|  	libcublasLt.so.11 => /opt/ispg/terachem/2023.6/arch/intel2022.2.1-cuda11-mpich3.4.3-openmm7.5/lib/libcublasLt.so.11 (0x00007f0eea000000)
|  	libunistring.so.2 => /lib/x86_64-linux-gnu/libunistring.so.2 (0x00007f0f00656000)
|  	libgnutls.so.30 => /lib/x86_64-linux-gnu/libgnutls.so.30 (0x00007f0ee9e15000)
|  	libhogweed.so.6 => /lib/x86_64-linux-gnu/libhogweed.so.6 (0x00007f0f0f249000)
|  	libnettle.so.8 => /lib/x86_64-linux-gnu/libnettle.so.8 (0x00007f0f00d8e000)
|  	libgmp.so.10 => /lib/x86_64-linux-gnu/libgmp.so.10 (0x00007f0f00d0c000)
|  	libkrb5.so.3 => /lib/x86_64-linux-gnu/libkrb5.so.3 (0x00007f0f00c41000)
|  	libk5crypto.so.3 => /lib/x86_64-linux-gnu/libk5crypto.so.3 (0x00007f0f0f21a000)
|  	libcom_err.so.2 => /lib/x86_64-linux-gnu/libcom_err.so.2 (0x00007f0f266a0000)
|  	libkrb5support.so.0 => /lib/x86_64-linux-gnu/libkrb5support.so.0 (0x00007f0f26692000)
|  	libsasl2.so.2 => /lib/x86_64-linux-gnu/libsasl2.so.2 (0x00007f0f1daa4000)
|  	libbrotlicommon.so.1 => /lib/x86_64-linux-gnu/libbrotlicommon.so.1 (0x00007f0efdfdd000)
|  	libp11-kit.so.0 => /lib/x86_64-linux-gnu/libp11-kit.so.0 (0x00007f0ee9cda000)
|  	libtasn1.so.6 => /lib/x86_64-linux-gnu/libtasn1.so.6 (0x00007f0f0063e000)
|  	libkeyutils.so.1 => /lib/x86_64-linux-gnu/libkeyutils.so.1 (0x00007f0f0f213000)
|  	libresolv.so.2 => /lib/x86_64-linux-gnu/libresolv.so.2 (0x00007f0efe376000)
|  	libffi.so.8 => /lib/x86_64-linux-gnu/libffi.so.8 (0x00007f0efdfd0000)
| #################################################################################################

| Checking Amazon Cloud instance ID...   Not found
| Cannot find license.dat file /opt/ispg/terachem/2023.6/arch/intel2022.2.1-cuda11-mpich3.4.3-openmm7.5/license.dat


| TRYING THE NETWORK LICENSE...
| Connecting to license server '54.208.252.40' port '8877'...
| Connected!
| Checking your license...

| **************************************************************
|  Greetings, Basile Curchod! You have 10 licenses in total
|  IN USE: 3
|  AVAILABLE: 7
| **************************************************************

-----------------------------------
Processed Input file:
                    basis 6-31gs
                   method hf
              coordinates tf_opt_cas.xyz
                   charge 0
                 spinmult 1
                 convthre 1.0e-7
                  threall 1.0e-13
                    maxit 1000
               dcimaxiter 1000
                   casscf yes
              cassinglets 2
              castriplets 2
                   closed 10
                   active 3
                   cassoc yes
            casscfmaxiter 50
                     gpus 1
                      run energy
-----------------------------------
Jobname: tf_opt_cas
Scratch data will be generated
Scratch directory: ./scr.tf_opt_cas
| Random number seed: 731174474

XYZ coordinates tf_opt_cas.xyz
Molden File Output: ./scr.tf_opt_cas/tf_opt_cas.molden
Using basis set: 6-31gs
dmrgstart not found
Spin multiplicity: 1
DIIS will use up to 10 vectors.
Condition number limit for the DIIS overlap matrix is            0
WF convergence threshold: 1.00e-07
Using DIIS algorithm to converge WF
Maximum number of SCF iterations: 1000
Incremental fock with rebuild every 8 iterations
Will switch to conventional Fock if diffuse functions are detected
X-matrix tolerance: 1.00e-04
PRECISION: DYNAMIC
TeraChem will select linear algebra engine
DFT Functional requested: hf
Method: Hartree-Fock 
Wavefunction: RESTRICTED
Initial guess generated by maximum overlap

********************************************
***** SINGLE POINT ENERGY CALCULATIONS *****
********************************************
Starting TensorBox...
| TeraChem will select linear algebra engine
| Using cuSolver for matrix diagonalization

| using 1 out of 2 CUDA devices
|   Device 0:     NVIDIA RTX A5000, 24112MB, CC 8.6 -- CPU THREAD 0
|   Device 1:     NVIDIA RTX A5000, 24089MB, CC 8.6 -- IDLE
| -------------------------------------------------------------------
| CPU Memory Available: 32178.75 MegaWords 
| GPU Memory Available: 2758.03 MegaWords 
| Maximum recommended basis set size: 19400 basis functions
|  (limited by GPU memory)
| -------------------------------------------------------------------
| Initialize GPUBox with 128 MW of memory

****** QM coordinates ******
C         0.0000000000         0.0000000000         0.0000000000  
S         0.0000000000         0.0000000000         1.6250650000  
H         0.9150870000         0.0000000000        -0.5670760000  
H        -0.9150870000        -0.0000070000        -0.5670760000  

Basis set:       6-31gs
Total atoms:     4
Total charge:    0
Total electrons: 24 (12-alpha, 12-beta)
Number electrons modeled by ECPs: 0
Total orbitals:  38
Total AO shells: 18 (11 S-shells; 5 P-shells; 2 D-shells; 0 F-shells; 0 G-shells)
Spin multiplicity: 1
Nuclear repulsion energy (QM atoms): 44.577195779670 a.u.


                      *** Start SCF Iterations ***

 Iter     DIIS Error       Energy change         Energy        Time(s)
------------------------------------------------------------------------
| Purifying guess...
| Purification run on CPU (double precision)  using TC2 purification.
| Density matrix purification finished after a total of 0 matrix multiplies
| THRESPDP set to 1.00e+00
|    1     0.4864127979    -436.0011242379    -436.0011242379     0.04  
|    2     0.2052171960      -0.3823835954    -436.3835078334     0.02  
|    3     0.0624289554      -0.1084233562    -436.4919311895     0.02  
|    4     0.0187384402      -0.0113690262    -436.5033002158     0.02  
|    5     0.0069466421      -0.0018521563    -436.5051523720     0.02  
|    6     0.0030201671      -0.0005457507    -436.5056981228     0.02  
|    7     0.0003792314      -0.0000770509    -436.5057751737     0.02  
| THRESPDP set to 1.49e-06
|    8     0.0002246427      -0.0000034806    -436.5057786543     0.04  
|    9     0.0001332369      -0.0000003702    -436.5057790245     0.03  
|   10     0.0000453831      -0.0000001748    -436.5057791993     0.03  
|   11     0.0000044957      -0.0000000237    -436.5057792229     0.03  
|   12     0.0000008358      -0.0000000002    -436.5057792232     0.03  
|   13     0.0000003958      -0.0000000000    -436.5057792232     0.04  
|   14     0.0000001627      -0.0000000000    -436.5057792232     0.04  
|   15     0.0000000505      +0.0000000000    -436.5057792231     0.03  
------------------------------------------------------------------------
FINAL ENERGY: -436.5057792231 a.u.
HOMO-LUMO GAP: 10.940 eV
CENTER OF MASS: {0.000000, -0.000000, 1.104940} ANGS
DIPOLE MOMENT: {0.000000, -0.000005, -2.322738} (|D| = 2.322738) DEBYE
Writing out molden info

Running Mulliken population analysis...


  Active Space Parameters
--------------------------------------------
Number of closed orbitals:              10
Number of active orbitals:               3
Number of virtual orbitals:             25
Number of molecular orbitals:           38
Number of basis functions:              38
Number of active electrons:              4
Number of alpha electrons:               2
Number of beta electrons:                2

  Orbital      Energy  
-----------------------
      9       -0.648858
     10       -0.538600
     11       -0.412521
     12       -0.349846
     13        0.052192
     14        0.219412
     15        0.282440

  CAS Parameters
--------------------------------------------
Number of determinants:                  9
Number of singlet CSFs:                  6
Number of doublet CSFs:                  0
Number of triplet CSFs:                  3
Number of quartet CSFs:                  0
Number of quintet CSFs:                  0
Number of sextet CSFs:                   0
Number of septet CSFs:                   0
Number of singlet states:                2
Number of doublet states:                0
Number of triplet states:                2
Number of quartet states:                0
Number of quintet states:                0
Number of sextet states:                 0
Number of septet states:                 0
Using the hard-coded solver

Starting Trust Region Algorithm

| Iter         CASSCF Energy           Energy Change           Max Orb. Grad.              Lambda        Time (s) 
|-----------------------------------------------------------------------------------------------------------------
|   1         -436.4525480049         -436.4525480049            0.1047371344            0.0100000000        0.08
|   2         -436.4640834410           -0.0115354361            0.0427288695            0.0100000000        0.07
|   3         -436.4657577106           -0.0016742696            0.0210297765            0.0100000000        0.07
|   4         -436.4661079133           -0.0003502028            0.0100288569            0.0100000000        0.07
|   5         -436.4661906200           -0.0000827067            0.0051873794            0.0100000000        0.07
|   6         -436.4662110818           -0.0000204618            0.0025815829            0.0100000000        0.06
|   7         -436.4662162672           -0.0000051853            0.0013301392            0.0100000000        0.06
|   8         -436.4662175998           -0.0000013327            0.0006746142            0.0100000000        0.06
|   9         -436.4662179452           -0.0000003454            0.0003466267            0.0100000000        0.33
|  10         -436.4662180353           -0.0000000901            0.0001771583            0.0100000000        0.06
|  11         -436.4662180588           -0.0000000236            0.0000909743        0.02

Starting Two-Step Algorithm

| Iter         CASSCF Energy           Energy Change           Max Orb. Grad.    Time (s) 
|-----------------------------------------------------------------------------------------
|   1         -436.4662180598           -0.0000000009            0.0000909744        0.08
|   2         -436.4662180659           -0.0000000062            0.0000465079        0.06
|   3         -436.4662180675           -0.0000000016            0.0000238298        0.06
|   4         -436.4662180681           -0.0000000005            0.0000001475        0.05


Canonicalizing Orbitals...
Singlet state  1 energy:       -436.53236359276184

Singlet state  1 weight:          0.25000000000000

|        -0.93634534335796  X11 X12
|         0.22798664852598  X12 X13
|         0.18820953454455  B11 X12 A13
|         0.18820953454455  A11 X12 B13
|         0.02082854480757  X11 X13

Singlet state  2 energy:       -436.45073197081257

Singlet state  2 weight:          0.25000000000000

|         0.68580936405077  X11 B12 A13
|         0.68580936405077  X11 A12 B13
|         0.17223680263021  B11 A12 X13
|         0.17223680263021  A11 B12 X13

Triplet state  1 energy:       -436.45913853337663

Triplet state  1 weight:          0.25000000000000

|        -0.69387402319909  X11 A12 B13
|         0.69387402319909  X11 B12 A13
|         0.13615740864718  A11 B12 X13
|        -0.13615740864718  B11 A12 X13

Triplet state  2 energy:       -436.42263817547069

Triplet state  2 weight:          0.25000000000000

|        -0.70710678118655  A11 X12 B13
|         0.70710678118655  B11 X12 A13

  Root   Mult.   Total Energy (a.u.)   Ex. Energy (a.u.)     Ex. Energy (eV)
-------------------------------------------------------------------------------
     1  singlet       -436.53236359
     2  triplet       -436.45913853          0.07322506          1.99255492
     3  singlet       -436.45073197          0.08163162          2.22130908
     4  triplet       -436.42263818          0.10972542          2.98578003

|  Root   Mult.      Ex. Wavelength (nm)
|-----------------------------------------
|     2  triplet        622.23740824
|     3  singlet        558.15834700
|     4  triplet        415.24901244

Singlet state dipole moments:

  Root       Dx         Dy         Dz         |D|  (Debye)
------------------------------------------------------------
     1     0.0000    -0.0000    -1.8267     1.8267
     2     0.0000    -0.0000    -1.2285     1.2285

Triplet state dipole moments:

  Root       Dx         Dy         Dz         |D|  (Debye)
------------------------------------------------------------
     1     0.0000    -0.0000    -0.9338     0.9338
     2     0.0000    -0.0000    -1.5816     1.5816

Singlet state electronic transitions:

 Transition      Tx        Ty        Tz       |T|    Osc. (a.u.) 
-----------------------------------------------------------------
   1 ->  2     0.0000   -0.0000   -0.0000    0.0000    0.0000

Triplet state electronic transitions:

 Transition      Tx        Ty        Tz       |T|    Osc. (a.u.) 
-----------------------------------------------------------------
   1 ->  2     0.0000   -0.0000   -0.0000    0.0000    0.0000

Singlet state velocity transition dipole moments:

 Transition      Px        Py        Pz       |P|    Osc. (a.u.) 
-----------------------------------------------------------------
   1 ->  2    -0.0000    0.0000    0.0000    0.0000    0.0000

Singlet state magnetic transition dipole moments and rotational strengths:

 Transition      Lx        Ly        Lz        |L|    R(vel) (a.u.)
--------------------------------------------------------------------
   1 ->  2    -0.0000    0.0000    1.0454    1.0454    0.0000

Triplet state velocity transition dipole moments:

 Transition      Px        Py        Pz       |P|    Osc. (a.u.) 
-----------------------------------------------------------------
   1 ->  2    -0.0000   -0.0000    0.0000    0.0000    0.0000

Triplet state magnetic transition dipole moments and rotational strengths:

 Transition      Lx        Ly        Lz        |L|    R(vel) (a.u.)
--------------------------------------------------------------------
   1 ->  2     0.0000    0.0000   -0.8652    0.8652   -0.0000

Singlet state electric quadrupole moments (Cartesian):
Operator origin (a.u.):     0.000000,    -0.000000,     2.088034 

 Root     Qxy        Qxz        Qyz        Qxx        Qyy        Qzz       R^2
--------------------------------------------------------------------------------------------
    1    -0.0000    -0.0000     0.0000   -15.2272   -14.5054   -12.7323   -42.4649
    2     0.0000    -0.0000     0.0000   -13.1428   -16.3884   -13.6503   -43.1815

Triplet state electric quadrupole moments (Cartesian):
Operator origin (a.u.):     0.000000,    -0.000000,     2.088034 

 Root     Qxy        Qxz        Qyz        Qxx        Qyy        Qzz       R^2
--------------------------------------------------------------------------------------------
    1     0.0000    -0.0000     0.0000   -13.1333   -16.3599   -13.7024   -43.1956
    2    -0.0000    -0.0000     0.0000   -15.1933   -14.3966   -14.2523   -43.8421

Singlet state electric transition quadrupole moments (Cartesian):

 Transition     Qxy        Qxz        Qyz        Qxx        Qyy        Qzz       norm (a.u.)
--------------------------------------------------------------------------------------------
   1 ->  2    -0.9959    -0.0000    -0.0000     0.0000    -0.0000     0.0000     0.9959

Triplet state electric transition quadrupole moments (Cartesian):

 Transition     Qxy        Qxz        Qyz        Qxx        Qyy        Qzz       norm (a.u.)
--------------------------------------------------------------------------------------------
   1 ->  2    -0.8909    -0.0000    -0.0000     0.0000    -0.0000     0.0000     0.8909

Triplet[0] - Triplet[0] Spin-orbit coupling (cm-1):

   (S, Sz)        (1.0, 1.0)           (1.0, 0.0)           (1.0,-1.0)     
-----------------------------------------------------------------------------
 (1.0, 1.0)    0.0000-  0.0000i     0.0000+  0.0000i     0.0000+  0.0000i   
 (1.0, 0.0)   -0.0000+  0.0000i     0.0000+ -0.0000i     0.0000+  0.0000i   
 (1.0,-1.0)    0.0000+  0.0000i    -0.0000+  0.0000i     0.0000+  0.0000i   

Triplet[0] - Triplet[1] Spin-orbit coupling (cm-1):

   (S, Sz)        (1.0, 1.0)           (1.0, 0.0)           (1.0,-1.0)     
-----------------------------------------------------------------------------
 (1.0, 1.0)    0.0000-207.1454i     0.0001+  0.0000i     0.0000+  0.0000i   
 (1.0, 0.0)   -0.0001+  0.0000i     0.0000+ -0.0000i     0.0001+  0.0000i   
 (1.0,-1.0)    0.0000+  0.0000i    -0.0001+  0.0000i     0.0000+207.1454i   

Triplet[1] - Triplet[1] Spin-orbit coupling (cm-1):

   (S, Sz)        (1.0, 1.0)           (1.0, 0.0)           (1.0,-1.0)     
-----------------------------------------------------------------------------
 (1.0, 1.0)    0.0000-  0.0000i     0.0000+  0.0000i     0.0000+  0.0000i   
 (1.0, 0.0)   -0.0000+  0.0000i     0.0000+ -0.0000i     0.0000+  0.0000i   
 (1.0,-1.0)    0.0000+  0.0000i    -0.0000+  0.0000i     0.0000+  0.0000i   

Singlet[0] - Triplet[0] Spin-orbit coupling (cm-1):

   (S, Sz)        (1.0, 1.0)           (1.0, 0.0)           (1.0,-1.0)     
-----------------------------------------------------------------------------
 (0.0, 0.0)   -0.0002-  0.0000i     0.0000-221.8332i    -0.0002+  0.0000i   

Singlet[0] - Triplet[1] Spin-orbit coupling (cm-1):

   (S, Sz)        (1.0, 1.0)           (1.0, 0.0)           (1.0,-1.0)     
-----------------------------------------------------------------------------
 (0.0, 0.0)   -0.0000+  0.0002i     0.0000+  0.0000i    -0.0000-  0.0002i   

Singlet[1] - Triplet[0] Spin-orbit coupling (cm-1):

   (S, Sz)        (1.0, 1.0)           (1.0, 0.0)           (1.0,-1.0)     
-----------------------------------------------------------------------------
 (0.0, 0.0)    0.0000-  0.0000i     0.0000+  0.0000i     0.0000+  0.0000i   

Singlet[1] - Triplet[1] Spin-orbit coupling (cm-1):

   (S, Sz)        (1.0, 1.0)           (1.0, 0.0)           (1.0,-1.0)     
-----------------------------------------------------------------------------
 (0.0, 0.0)   -0.0000+  0.0000i     0.0000+211.7672i    -0.0000-  0.0000i   

| Total processing time: 2.64 sec 

| Job finished: Thu Jan 29 14:58:02 2026

