#EntryTime SpawnTime  ExitTime  CID  CSt  PID  PSt   ChildKE   ChildPE  ParentKE  ParentPE 
    549.29    681.45    879.69    2    4    1    2   0.00238 *********   0.01392 *********
    549.29    681.45    876.59    2    4    1    2   0.00244 *********   0.01392 *********
    550.32    713.46    714.49    5    3    2    4   0.01407 *********   0.00243 *********
   1599.34   2309.70   2311.77    8    3    2    4   0.01392 *********   0.00261 *********
   1880.18   2318.99   2321.06   11    4    5    3   0.00782 *********   0.02617 *********
   2077.39   2353.07   2354.10   14    2   11    4   0.01754 *********   0.00671 *********
   2168.25   2497.62   2498.65   15    2    2    4   0.00867 *********   0.00561 *********
   2534.79   2826.98   2917.84   16    4    5    3   0.00534 *********   0.01067 *********
   2804.27   2868.28   2869.32   19    3   11    4   0.02537 *********   0.00882 *********
   3378.34   4071.15   4073.21   22    3    2    4   0.01386 *********   0.00225 *********
   3464.04   3848.13   3850.19   25    3   11    4   0.02797 *********   0.00690 *********
   3588.97   3923.50   3925.56   28    4    8    3   0.00824 *********   0.02696 *********
   3690.15   4550.23   4552.29   31    4   19    3   0.00808 *********   0.02818 *********
   3698.41   3902.85   3904.91   34    3   16    4   0.02378 *********   0.00795 *********
   3767.59   4024.68   4026.75   37    2   16    4   0.01857 *********   0.00717 *********
   3792.37   3953.44   3955.51   38    4    5    3   0.00661 *********   0.02593 *********
   3794.44   4085.60   4086.63   41    2   11    4   0.01392 *********   0.00557 *********
   3852.26   4133.10   4134.13   42    2   38    4   0.01248 *********   0.00515 *********
   3871.87   4123.80   4124.84   43    4   14    2   0.00466 *********   0.01280 *********
   3877.04   3944.15   3946.21   46    3   43    4   0.01749 *********   0.00440 *********
   3909.04   4232.22   4233.25   49    2    2    4   0.01202 *********   0.00579 *********
   3917.30   4166.14   4168.20   50    4   15    2   0.00575 *********   0.01377 *********
   3918.34   4078.37   4080.44   53    3   50    4   0.01867 *********   0.00572 *********
   3962.73   4162.01   4164.07   56    2   28    4   0.00835 *********   0.00268 *********
   4011.26   4136.19   4137.23   57    3   11    4   0.01571 *********   0.00401 *********
   4015.39   4706.13   4842.42   60    3   16    4   0.02821 *********   0.00444 *********
   4088.70   4152.71   4153.75   63    4   25    3   0.00555 *********   0.01680 *********
   4134.13   4373.67   4518.22   66    4   34    3   0.00880 *********   0.01983 *********
   4154.78   4359.21   4361.28   69    3   63    4   0.01902 *********   0.00594 *********
   4204.34   4343.73   4345.79   72    4   46    3   0.00690 *********   0.01781 *********
   4312.75   4483.11   4484.15   75    3   11    4   0.01684 *********   0.00374 *********
   4344.76   4430.46   4496.54   78    4   57    3   0.00510 *********   0.01789 *********
   4346.82   4913.67   4915.73   81    3   72    4   0.02454 *********   0.00615 *********
   4372.64   4564.68   4565.71   84    3   38    4   0.01956 *********   0.00646 *********
   4381.93   4489.31   4535.77   87    4    5    3   0.00686 *********   0.01892 *********
   4390.19   4532.67   4533.71   90    3   43    4   0.02019 *********   0.00691 *********
   4397.42   4517.19   4518.22   93    3   28    4   0.02214 *********   0.00775 *********
   4414.97   4516.15   4686.52   96    4    8    3   0.00817 *********   0.02171 *********
   4464.53   4735.04   4737.11   99    3   63    4   0.02512 *********   0.00833 *********
   4497.57   4562.62   4564.68  102    3   78    4   0.02374 *********   0.00506 *********
   4515.12   4636.96   5145.98  105    3   50    4   0.02108 *********   0.00664 *********
   4519.25   4870.30   4871.33  108    3   66    4   0.02685 *********   0.00566 *********
   4643.15   4929.15   4930.19  111    3   87    4   0.02599 *********   0.00642 *********
   4671.03   4930.19   4932.25  114    3   43    4   0.02348 *********   0.00672 *********
